<?xml version="1.0" encoding="UTF-8"?>
<testng-results ignored="0" total="2" passed="2" failed="0" skipped="0">
  <reporter-output>
  </reporter-output>
  <suite started-at="2024-02-25T14:22:02 IST" name="Default suite" finished-at="2024-02-25T14:22:24 IST" duration-ms="22095">
    <groups>
    </groups>
    <test started-at="2024-02-25T14:22:02 IST" name="Default test" finished-at="2024-02-25T14:22:24 IST" duration-ms="22095">
      <class name="TestScenarios.TestMethod">
        <test-method is-config="true" signature="setup()[pri:0, instance:TestScenarios.TestMethod@32502377]" started-at="2024-02-25T14:22:02 IST" name="setup" finished-at="2024-02-25T14:22:13 IST" duration-ms="10984" status="PASS">
          <reporter-output>
          </reporter-output>
        </test-method> <!-- setup -->
        <test-method signature="SearchOperation()[pri:0, instance:TestScenarios.TestMethod@32502377]" started-at="2024-02-25T14:22:13 IST" name="SearchOperation" finished-at="2024-02-25T14:22:23 IST" duration-ms="10116" status="PASS">
          <reporter-output>
          </reporter-output>
        </test-method> <!-- SearchOperation -->
        <test-method signature="login()[pri:1, instance:TestScenarios.TestMethod@32502377]" started-at="2024-02-25T14:22:23 IST" name="login" finished-at="2024-02-25T14:22:24 IST" duration-ms="910" status="PASS">
          <reporter-output>
          </reporter-output>
        </test-method> <!-- login -->
        <test-method is-config="true" signature="aftertest()[pri:0, instance:TestScenarios.TestMethod@32502377]" started-at="2024-02-25T14:22:24 IST" name="aftertest" finished-at="2024-02-25T14:22:24 IST" duration-ms="0" status="PASS">
          <reporter-output>
          </reporter-output>
        </test-method> <!-- aftertest -->
      </class> <!-- TestScenarios.TestMethod -->
    </test> <!-- Default test -->
  </suite> <!-- Default suite -->
</testng-results>
